2025-08-09 20:01:23,058 INFO: 
                ____                _       _____  ____
               / __ ) ____ _ _____ (_)_____/ ___/ / __ \
              / __  |/ __ `// ___// // ___/\__ \ / /_/ /
             / /_/ // /_/ /(__  )/ // /__ ___/ // _, _/
            /_____/ \__,_//____//_/ \___//____//_/ |_|
     ______                   __   __                 __      __
    / ____/____   ____   ____/ /  / /   __  __ _____ / /__   / /
   / / __ / __ \ / __ \ / __  /  / /   / / / // ___// //_/  / /
  / /_/ // /_/ // /_/ // /_/ /  / /___/ /_/ // /__ / /<    /_/
  \____/ \____/ \____/ \____/  /_____/\____/ \___//_/|_|  (_)
    
Version Information: 
	BasicSR: 1.3.2
	PyTorch: 2.4.1+cu121
	TorchVision: 0.19.1+cu121
2025-08-09 20:01:23,058 INFO: 
  name: 20250809_200123_VQGAN-stage-1
  model_type: VQGANModel
  num_gpu: 4
  manual_seed: 0
  datasets:[
    train:[
      name: FFHQPBRMIX
      type: FFHQPBRMIXDataset
      datapath_pbrdomain: PBR dataset PATH
      datapath_ffhq: FFHQ dataset PATH
      filename_tmpl: {}
      io_backend:[
        type: disk
      ]
      in_size: 512
      gt_size: 512
      mean: [0.5, 0.5, 0.5]
      std: [0.5, 0.5, 0.5]
      use_hflip: True
      use_corrupt: False
      num_worker_per_gpu: 2
      batch_size_per_gpu: 3
      dataset_enlarge_ratio: 100
      prefetch_mode: cpu
      num_prefetch_queue: 4
      phase: train
    ]
  ]
  network_g:[
    type: VQAutoEncoder
    img_size: 512
    nf: 64
    ch_mult: [1, 2, 2, 4, 4, 8]
    quantizer: nearest
    codebook_size: 1024
  ]
  network_d:[
    type: VQGANDiscriminator
    nc: 3
    ndf: 64
  ]
  path:[
    pretrain_network_g: None
    param_key_g: params_ema
    strict_load_g: True
    pretrain_network_d: None
    strict_load_d: True
    resume_state: None
    experiments_root: /mnt/sdc/r13942140/id2reflectance/experiments/20250809_200123_VQGAN-stage-1
    models: /mnt/sdc/r13942140/id2reflectance/experiments/20250809_200123_VQGAN-stage-1/models
    training_states: /mnt/sdc/r13942140/id2reflectance/experiments/20250809_200123_VQGAN-stage-1/training_states
    log: /mnt/sdc/r13942140/id2reflectance/experiments/20250809_200123_VQGAN-stage-1
    visualization: /mnt/sdc/r13942140/id2reflectance/experiments/20250809_200123_VQGAN-stage-1/visualization
  ]
  train:[
    optim_g:[
      type: Adam
      lr: 8e-05
      weight_decay: 0
      betas: [0.9, 0.99]
    ]
    optim_d:[
      type: Adam
      lr: 8e-05
      weight_decay: 0
      betas: [0.9, 0.99]
    ]
    scheduler:[
      type: CosineAnnealingRestartLR
      periods: [700000]
      restart_weights: [1]
      eta_min: 6e-05
    ]
    total_iter: 700000
    warmup_iter: -1
    ema_decay: 0.995
    pixel_opt:[
      type: L1Loss
      loss_weight: 1.0
      reduction: mean
    ]
    perceptual_opt:[
      type: LPIPSLoss
      loss_weight: 1.0
      use_input_norm: True
      range_norm: True
    ]
    gan_opt:[
      type: GANLoss
      gan_type: hinge
      loss_weight: 1.0
    ]
    net_g_start_iter: 0
    net_d_iters: 1
    net_d_start_iter: 30001
    manual_seed: 0
  ]
  val:[
    val_freq: 50000000000.0
    save_img: True
    metrics:[
      psnr:[
        type: calculate_psnr
        crop_border: 4
        test_y_channel: False
      ]
    ]
  ]
  logger:[
    print_freq: 100
    save_checkpoint_freq: 10000.0
    use_tb_logger: True
    wandb:[
      project: None
      resume_id: None
    ]
  ]
  dist_params:[
    backend: nccl
    port: 29411
  ]
  find_unused_parameters: True
  is_train: True
  dist: False
  rank: 0
  world_size: 1

